[2025-10-04 12:12:42] =========================================
[2025-10-04 12:12:42] YouTube自動同期スクリプト開始
[2025-10-04 12:12:42] =========================================
[2025-10-04 12:12:42] .env.local を読み込み中...
[2025-10-04 12:12:42] 環境変数チェック完了
[2025-10-04 12:12:42] チャンネルID: UCxX3Eq8_KMl3AeYdhb5MklA
[2025-10-04 12:12:42] YouTube動画チェック開始...
[dotenv@17.2.2] injecting env (0) from .env.local -- tip: ⚙️  load multiple .env files with { path: ['.env.local', '.env'] }
✅ 環境変数を読み込みました: /Users/user/toyamablog/.env.local
✅ SANITY_API_TOKEN: 設定済み
🔍 YouTubeチャンネルの最新動画をチェック中...
📺 10件の動画を確認中...

取得した動画一覧:
1. 子うさぎに触れてはいけないそうです(説明欄で一言解説) #shorts
2. 【氷見市】地元に愛されたお寺、藤子不二雄Ａの生家「光禅寺」 #shorts
3. 【富山市】GO FOR KOGEI 2025 町歩きとアートを同時に楽しむイベント #shorts
4. 【氷見市】生涯まんが道！潮風ギャラリー藤子不二雄Aアートコレクションの魅力 #shorts
5. 【氷見市】富山グルメ必食！老舗喫茶店コーヒーハウス・マイケルの名物焼きカレーがおいしい！ #shorts
6. 【氷見市】知られざる廃墟遺産「魚眠洞(ぎょみんどう)」 #shorts
7. 【氷見市】Tシャツからグッズまで！氷見の「ヒミツノアソビバ」をご紹介！ #shorts
8. 夏が終わるらしいので日記をしたためます #shorts
9. 【浦安市】きょうのランチは沖縄料理！泡盛と島料理「海人酒房」イクスピアリ店
10. 【浦安市】次はぜひ利用したい！ディズニーランドホテルとステーション周辺を散歩したよ！ #shorts

🔍 動画チェック中: 子うさぎに触れてはいけないそうです(説明欄で一言解説) #shorts (2025/10/1)
⏭️ 富山県の地域が特定できませんでした: 子うさぎに触れてはいけないそうです(説明欄で一言解説) #shorts
🔍 動画チェック中: 【氷見市】地元に愛されたお寺、藤子不二雄Ａの生家「光禅寺」 #shorts (2025/9/24)
📍 検出した地域: 氷見市 (カテゴリ: 神社・寺院)
✅ 新しい記事を作成しました: 【氷見市】地元に愛されたお寺、藤子不二雄Ａの生家「光禅寺」 #shorts
✅ 記事作成完了: 【氷見市】地元に愛されたお寺、藤子不二雄Ａの生家「光禅寺」 #shorts
🔍 動画チェック中: 【富山市】GO FOR KOGEI 2025 町歩きとアートを同時に楽しむイベント #shorts (2025/9/20)
📍 検出した地域: 富山市 (カテゴリ: 自然・公園)
✅ 新しい記事を作成しました: 【富山市】GO FOR KOGEI 2025 町歩きとアートを同時に楽しむイベント #shorts
✅ 記事作成完了: 【富山市】GO FOR KOGEI 2025 町歩きとアートを同時に楽しむイベント #shorts
🔍 動画チェック中: 【氷見市】生涯まんが道！潮風ギャラリー藤子不二雄Aアートコレクションの魅力 #shorts (2025/9/17)
📍 検出した地域: 氷見市 (カテゴリ: 自然・公園)
✅ 新しい記事を作成しました: 【氷見市】生涯まんが道！潮風ギャラリー藤子不二雄Aアートコレクションの魅力 #shorts
✅ 記事作成完了: 【氷見市】生涯まんが道！潮風ギャラリー藤子不二雄Aアートコレクションの魅力 #shorts
🔍 動画チェック中: 【氷見市】富山グルメ必食！老舗喫茶店コーヒーハウス・マイケルの名物焼きカレーがおいしい！ #shorts (2025/9/13)
📍 検出した地域: 氷見市 (カテゴリ: グルメ)
✅ 新しい記事を作成しました: 【氷見市】富山グルメ必食！老舗喫茶店コーヒーハウス・マイケルの名物焼きカレーがおいしい！ #shorts
✅ 記事作成完了: 【氷見市】富山グルメ必食！老舗喫茶店コーヒーハウス・マイケルの名物焼きカレーがおいしい！ #shorts
🔍 動画チェック中: 【氷見市】知られざる廃墟遺産「魚眠洞(ぎょみんどう)」 #shorts (2025/9/10)
📍 検出した地域: 氷見市 (カテゴリ: 自然・公園)
✅ 新しい記事を作成しました: 【氷見市】知られざる廃墟遺産「魚眠洞(ぎょみんどう)」 #shorts
✅ 記事作成完了: 【氷見市】知られざる廃墟遺産「魚眠洞(ぎょみんどう)」 #shorts
🔍 動画チェック中: 【氷見市】Tシャツからグッズまで！氷見の「ヒミツノアソビバ」をご紹介！ #shorts (2025/9/6)
⏭️ 既に記事が存在します: 【氷見市】Tシャツからグッズまで！氷見の「ヒミツノアソビバ」をご紹介！ #shorts
⏭️ 1週間より古い動画をスキップ: 夏が終わるらしいので日記をしたためます #shorts (2025/8/31)
⏭️ 1週間より古い動画をスキップ: 【浦安市】きょうのランチは沖縄料理！泡盛と島料理「海人酒房」イクスピアリ店 (2025/8/30)
⏭️ 1週間より古い動画をスキップ: 【浦安市】次はぜひ利用したい！ディズニーランドホテルとステーション周辺を散歩したよ！ #shorts (2025/8/29)

🎉 処理完了: 5件の新しい記事を作成しました
📝 作成された記事はhttps://sasakiyoshimasa.comで確認できます
[2025-10-04 12:13:00] =========================================
[2025-10-04 12:13:00] YouTube自動同期完了
[2025-10-04 12:13:00] =========================================
[2025-10-04 12:13:00] ログファイル: ./logs/youtube-sync-20251004-121242.log
